\BOOKMARK [0][-]{chapter.1}{R\351sum\351}{}% 1
\BOOKMARK [0][-]{chapter.2}{Introduction}{}% 2
\BOOKMARK [0][-]{chapter.3}{Pr\351sentation des entreprises}{}% 3
\BOOKMARK [1][-]{section.3.1}{Aubay}{chapter.3}% 4
\BOOKMARK [1][-]{section.3.2}{Amundi}{chapter.3}% 5
\BOOKMARK [1][-]{section.3.3}{Mon stage au sein de l'entreprise}{chapter.3}% 6
\BOOKMARK [0][-]{chapter.4}{Probl\351matique et objectifs}{}% 7
\BOOKMARK [1][-]{section.4.1}{Contexte du projet}{chapter.4}% 8
\BOOKMARK [2][-]{subsection.4.1.1}{Le cadre : AMEX}{section.4.1}% 9
\BOOKMARK [2][-]{subsection.4.1.2}{Utilisation d'Amex}{section.4.1}% 10
\BOOKMARK [1][-]{section.4.2}{Travail \340 r\351aliser}{chapter.4}% 11
\BOOKMARK [1][-]{section.4.3}{Objectifs pr\351cis}{chapter.4}% 12
\BOOKMARK [0][-]{chapter.5}{Les solutions techniques}{}% 13
\BOOKMARK [1][-]{section.5.1}{Synth\350se de l'existant}{chapter.5}% 14
\BOOKMARK [2][-]{subsection.5.1.1}{Langage de d\351veloppement}{section.5.1}% 15
\BOOKMARK [2][-]{subsection.5.1.2}{Les outils utilis\351s}{section.5.1}% 16
\BOOKMARK [2][-]{subsection.5.1.3}{Les termes techniques}{section.5.1}% 17
\BOOKMARK [1][-]{section.5.2}{Description du travail}{chapter.5}% 18
\BOOKMARK [2][-]{subsection.5.2.1}{Analyse de l'\351xistant}{section.5.2}% 19
\BOOKMARK [2][-]{subsection.5.2.2}{La nouvelle mod\351lisation}{section.5.2}% 20
\BOOKMARK [2][-]{subsection.5.2.3}{Migration de l'existant}{section.5.2}% 21
\BOOKMARK [1][-]{section.5.3}{Protocole d'\351valuation}{chapter.5}% 22
\BOOKMARK [0][-]{chapter.6}{Avancement du projet}{}% 23
\BOOKMARK [0][-]{chapter.7}{Impressions personnelles}{}% 24
\BOOKMARK [0][-]{chapter.8}{annexe}{}% 25
